<?xml version="1.0" encoding="UTF-8"?>
<!DOCTYPE properties SYSTEM "http://java.sun.com/dtd/properties.dtd">
<properties version="1.0">
   <comment>WFS 2.0 reference implementation</comment>
   <entry key="wfs">WFS_GETCAPABILITIES_URL</entry>
   <entry key="fid">ID</entry>
</properties>

